# JRE version: Java(TM) SE Runtime Environment (9.0+11) (build 9.0.1+11)
# Java VM: Java HotSpot(TM) 64-Bit Server VM (9.0.1+11, mixed mode, tiered, compressed oops, g1 gc, windows-amd64)
Heap:
 garbage-first heap   total 155648K, used 48225K [0x0000000083200000, 0x00000000833004c0, 0x0000000100000000)
  region size 1024K, 40 young (40960K), 8 survivors (8192K)
 Metaspace       used 29854K, capacity 30762K, committed 30976K, reserved 1077248K
  class space    used 3281K, capacity 3476K, committed 3584K, reserved 1048576K
GC Heap History (10 events):
Event: 0.814 GC heap before
{Heap before GC invocations=0 (full 0):
 garbage-first heap   total 129024K, used 14336K [0x0000000083200000, 0x00000000833003f0, 0x0000000100000000)
  region size 1024K, 14 young (14336K), 0 survivors (0K)
 Metaspace       used 9138K, capacity 9374K, committed 9728K, reserved 1058816K
  class space    used 836K, capacity 921K, committed 1024K, reserved 1048576K
}
Event: 0.822 GC heap after
{Heap after GC invocations=1 (full 0):
 garbage-first heap   total 129024K, used 3818K [0x0000000083200000, 0x00000000833003f0, 0x0000000100000000)
  region size 1024K, 2 young (2048K), 2 survivors (2048K)
 Metaspace       used 9138K, capacity 9374K, committed 9728K, reserved 1058816K
  class space    used 836K, capacity 921K, committed 1024K, reserved 1048576K
}
Event: 1.076 GC heap before
{Heap before GC invocations=1 (full 0):
 garbage-first heap   total 129024K, used 12010K [0x0000000083200000, 0x00000000833003f0, 0x0000000100000000)
  region size 1024K, 10 young (10240K), 2 survivors (2048K)
 Metaspace       used 11025K, capacity 11400K, committed 11520K, reserved 1058816K
  class space    used 1091K, capacity 1166K, committed 1280K, reserved 1048576K
}
Event: 1.084 GC heap after
{Heap after GC invocations=2 (full 0):
 garbage-first heap   total 129024K, used 5223K [0x0000000083200000, 0x00000000833003f0, 0x0000000100000000)
  region size 1024K, 2 young (2048K), 2 survivors (2048K)
 Metaspace       used 11025K, capacity 11400K, committed 11520K, reserved 1058816K
  class space    used 1091K, capacity 1166K, committed 1280K, reserved 1048576K
}
Event: 1.768 GC heap before
{Heap before GC invocations=2 (full 0):
 garbage-first heap   total 129024K, used 29799K [0x0000000083200000, 0x00000000833003f0, 0x0000000100000000)
  region size 1024K, 26 young (26624K), 2 survivors (2048K)
 Metaspace       used 13453K, capacity 13800K, committed 14080K, reserved 1062912K
  class space    used 1405K, capacity 1470K, committed 1536K, reserved 1048576K
}
Event: 1.777 GC heap after
{Heap after GC invocations=3 (full 0):
 garbage-first heap   total 129024K, used 6999K [0x0000000083200000, 0x00000000833003f0, 0x0000000100000000)
  region size 1024K, 4 young (4096K), 4 survivors (4096K)
 Metaspace       used 13453K, capacity 13800K, committed 14080K, reserved 1062912K
  class space    used 1405K, capacity 1470K, committed 1536K, reserved 1048576K
}
Event: 4.107 GC heap before
{Heap before GC invocations=3 (full 0):
 garbage-first heap   total 129024K, used 75607K [0x0000000083200000, 0x00000000833003f0, 0x0000000100000000)
  region size 1024K, 72 young (73728K), 4 survivors (4096K)
 Metaspace       used 20624K, capacity 21108K, committed 21296K, reserved 1069056K
  class space    used 2234K, capacity 2374K, committed 2432K, reserved 1048576K
}
Event: 4.134 GC heap after
{Heap after GC invocations=4 (full 0):
 garbage-first heap   total 129024K, used 14040K [0x0000000083200000, 0x00000000833003f0, 0x0000000100000000)
  region size 1024K, 10 young (10240K), 10 survivors (10240K)
 Metaspace       used 20624K, capacity 21108K, committed 21296K, reserved 1069056K
  class space    used 2234K, capacity 2374K, committed 2432K, reserved 1048576K
}
Event: 6.482 GC heap before
{Heap before GC invocations=5 (full 0):
 garbage-first heap   total 129024K, used 75480K [0x0000000083200000, 0x00000000833003f0, 0x0000000100000000)
  region size 1024K, 70 young (71680K), 10 survivors (10240K)
 Metaspace       used 28775K, capacity 29622K, committed 29824K, reserved 1075200K
  class space    used 3174K, capacity 3375K, committed 3456K, reserved 1048576K
}
Event: 6.509 GC heap after
{Heap after GC invocations=6 (full 0):
 garbage-first heap   total 155648K, used 16481K [0x0000000083200000, 0x00000000833004c0, 0x0000000100000000)
  region size 1024K, 8 young (8192K), 8 survivors (8192K)
 Metaspace       used 28775K, capacity 29622K, committed 29824K, reserved 1075200K
  class space    used 3174K, capacity 3375K, committed 3456K, reserved 1048576K
}

